<?xml version="1.0" encoding="UTF-8"?>
<testsuite xmlns:xsi="http://www.w3.org/2001/XMLSchema-instance" xsi:noNamespaceSchemaLocation="https://maven.apache.org/surefire/maven-surefire-plugin/xsd/surefire-test-report.xsd" version="3.0.2" name="game.club.game.GameApplicationTests" time="2.344" tests="1" errors="0" skipped="0" failures="0">
  <properties>
[...]
</properties>
  <testcase name="contextLoads" classname="game.club.game.GameApplicationTests" time="0.499">
    <system-out><![CDATA[16:21:54.436 [main] INFO org.springframework.test.context.support.AnnotationConfigContextLoaderUtils -- Could not detect default configuration classes for test class [game.club.game.GameApplicationTests]: GameApplicationTests does not declare any static, non-private, non-final, nested classes annotated with @Configuration.
16:21:54.508 [main] INFO org.springframework.boot.test.context.SpringBootTestContextBootstrapper -- Found @SpringBootConfiguration game.club.game.GameApplication for test class game.club.game.GameApplicationTests
16:21:54.629 [main] INFO org.springframework.boot.devtools.restart.RestartApplicationListener -- Restart disabled due to context in which it is running

  .   ____          _            __ _ _
 /\\ / ___'_ __ _ _(_)_ __  __ _ \ \ \ \
( ( )\___ | '_ | '_| | '_ \/ _` | \ \ \ \
 \\/  ___)| |_)| | | | | || (_| |  ) ) ) )
  '  |____| .__|_| |_|_| |_\__, | / / / /
 =========|_|==============|___/=/_/_/_/

 :: Spring Boot ::                (v3.5.5)

2025-09-16T16:21:54.819+05:30  INFO 25488 --- [game] [           main] game.club.game.GameApplicationTests      : Starting GameApplicationTests using Java 21.0.8 with PID 25488 (started by Rohith M H in E:\works\gameclub\game)
2025-09-16T16:21:54.820+05:30  INFO 25488 --- [game] [           main] game.club.game.GameApplicationTests      : No active profile set, falling back to 1 default profile: "default"
2025-09-16T16:21:55.258+05:30  INFO 25488 --- [game] [           main] .s.d.r.c.RepositoryConfigurationDelegate : Bootstrapping Spring Data MongoDB repositories in DEFAULT mode.
2025-09-16T16:21:55.299+05:30  INFO 25488 --- [game] [           main] .s.d.r.c.RepositoryConfigurationDelegate : Finished Spring Data repository scanning in 34 ms. Found 1 MongoDB repository interface.
2025-09-16T16:21:55.655+05:30  INFO 25488 --- [game] [           main] org.mongodb.driver.client                : MongoClient with metadata {"application": {"name": "Cluster0"}, "driver": {"name": "mongo-java-driver|sync|spring-boot", "version": "5.5.1"}, "os": {"type": "Windows", "name": "Windows 11", "architecture": "amd64", "version": "10.0"}, "platform": "Java/Oracle Corporation/21.0.8+12-LTS-250"} created with settings MongoClientSettings{readPreference=primary, writeConcern=WriteConcern{w=majority, wTimeout=null ms, journal=null}, retryWrites=true, retryReads=true, readConcern=ReadConcern{level=null}, credential=MongoCredential{mechanism=null, userName='rohithmh017_db_user', source='admin', password=<hidden>, mechanismProperties=<hidden>}, transportSettings=null, commandListeners=[], codecRegistry=ProvidersCodecRegistry{codecProviders=[ValueCodecProvider{}, BsonValueCodecProvider{}, DBRefCodecProvider{}, DBObjectCodecProvider{}, DocumentCodecProvider{}, CollectionCodecProvider{}, IterableCodecProvider{}, MapCodecProvider{}, GeoJsonCodecProvider{}, GridFSFileCodecProvider{}, Jsr310CodecProvider{}, JsonObjectCodecProvider{}, BsonCodecProvider{}, EnumCodecProvider{}, com.mongodb.client.model.mql.ExpressionCodecProvider@220c9a63, com.mongodb.Jep395RecordCodecProvider@55b5cd2b, com.mongodb.KotlinCodecProvider@40bb4f87]}, loggerSettings=LoggerSettings{maxDocumentLength=1000}, clusterSettings={hosts=[127.0.0.1:27017], srvHost=cluster0.j6gs9jm.mongodb.net, srvServiceName=mongodb, mode=MULTIPLE, requiredClusterType=REPLICA_SET, requiredReplicaSetName='atlas-ohvd3l-shard-0', serverSelector='null', clusterListeners='[]', serverSelectionTimeout='30000 ms', localThreshold='15 ms'}, socketSettings=SocketSettings{connectTimeoutMS=10000, readTimeoutMS=0, receiveBufferSize=0, proxySettings=ProxySettings{host=null, port=null, username=null, password=null}}, heartbeatSocketSettings=SocketSettings{connectTimeoutMS=10000, readTimeoutMS=10000, receiveBufferSize=0, proxySettings=ProxySettings{host=null, port=null, username=null, password=null}}, connectionPoolSettings=ConnectionPoolSettings{maxSize=100, minSize=0, maxWaitTimeMS=120000, maxConnectionLifeTimeMS=0, maxConnectionIdleTimeMS=0, maintenanceInitialDelayMS=0, maintenanceFrequencyMS=60000, connectionPoolListeners=[], maxConnecting=2}, serverSettings=ServerSettings{heartbeatFrequencyMS=10000, minHeartbeatFrequencyMS=500, serverMonitoringMode=AUTO, serverListeners='[]', serverMonitorListeners='[]'}, sslSettings=SslSettings{enabled=true, invalidHostNameAllowed=false, context=null}, applicationName='Cluster0', compressorList=[], uuidRepresentation=JAVA_LEGACY, serverApi=null, autoEncryptionSettings=null, dnsClient=null, inetAddressResolver=null, contextProvider=null, timeoutMS=null}
2025-09-16T16:21:55.868+05:30  INFO 25488 --- [game] [9jm.mongodb.net] org.mongodb.driver.cluster               : Adding discovered server ac-3foeftq-shard-00-01.j6gs9jm.mongodb.net:27017 to client view of cluster
2025-09-16T16:21:55.900+05:30  INFO 25488 --- [game] [9jm.mongodb.net] org.mongodb.driver.cluster               : Adding discovered server ac-3foeftq-shard-00-00.j6gs9jm.mongodb.net:27017 to client view of cluster
2025-09-16T16:21:55.902+05:30  INFO 25488 --- [game] [9jm.mongodb.net] org.mongodb.driver.cluster               : Adding discovered server ac-3foeftq-shard-00-02.j6gs9jm.mongodb.net:27017 to client view of cluster
2025-09-16T16:21:56.173+05:30  INFO 25488 --- [game] [           main] game.club.game.GameApplicationTests      : Started GameApplicationTests in 1.55 seconds (process running for 2.178)
2025-09-16T16:21:56.518+05:30  INFO 25488 --- [game] [ngodb.net:27017] org.mongodb.driver.cluster               : Monitor thread successfully connected to server with description ServerDescription{address=ac-3foeftq-shard-00-00.j6gs9jm.mongodb.net:27017, type=REPLICA_SET_SECONDARY, cryptd=false, state=CONNECTED, ok=true, minWireVersion=0, maxWireVersion=25, maxDocumentSize=16777216, logicalSessionTimeoutMinutes=30, roundTripTimeNanos=301300300, minRoundTripTimeNanos=0, setName='atlas-ohvd3l-shard-0', canonicalAddress=ac-3foeftq-shard-00-00.j6gs9jm.mongodb.net:27017, hosts=[ac-3foeftq-shard-00-00.j6gs9jm.mongodb.net:27017, ac-3foeftq-shard-00-01.j6gs9jm.mongodb.net:27017, ac-3foeftq-shard-00-02.j6gs9jm.mongodb.net:27017], passives=[], arbiters=[], primary='ac-3foeftq-shard-00-02.j6gs9jm.mongodb.net:27017', tagSet=TagSet{[Tag{name='availabilityZone', value='aps1-az1'}, Tag{name='diskState', value='READY'}, Tag{name='nodeType', value='ELECTABLE'}, Tag{name='provider', value='AWS'}, Tag{name='region', value='AP_SOUTH_1'}, Tag{name='workloadType', value='OPERATIONAL'}]}, electionId=null, setVersion=22, topologyVersion=TopologyVersion{processId=68c57c2ab8c22ae4edb4db85, counter=4}, lastWriteDate=Tue Sep 16 16:21:56 IST 2025, lastUpdateTimeNanos=7587853894400}
2025-09-16T16:21:56.518+05:30  INFO 25488 --- [game] [ngodb.net:27017] org.mongodb.driver.cluster               : Monitor thread successfully connected to server with description ServerDescription{address=ac-3foeftq-shard-00-01.j6gs9jm.mongodb.net:27017, type=REPLICA_SET_SECONDARY, cryptd=false, state=CONNECTED, ok=true, minWireVersion=0, maxWireVersion=25, maxDocumentSize=16777216, logicalSessionTimeoutMinutes=30, roundTripTimeNanos=225262000, minRoundTripTimeNanos=0, setName='atlas-ohvd3l-shard-0', canonicalAddress=ac-3foeftq-shard-00-01.j6gs9jm.mongodb.net:27017, hosts=[ac-3foeftq-shard-00-00.j6gs9jm.mongodb.net:27017, ac-3foeftq-shard-00-01.j6gs9jm.mongodb.net:27017, ac-3foeftq-shard-00-02.j6gs9jm.mongodb.net:27017], passives=[], arbiters=[], primary='ac-3foeftq-shard-00-02.j6gs9jm.mongodb.net:27017', tagSet=TagSet{[Tag{name='availabilityZone', value='aps1-az3'}, Tag{name='diskState', value='READY'}, Tag{name='nodeType', value='ELECTABLE'}, Tag{name='provider', value='AWS'}, Tag{name='region', value='AP_SOUTH_1'}, Tag{name='workloadType', value='OPERATIONAL'}]}, electionId=null, setVersion=22, topologyVersion=TopologyVersion{processId=68c580f20754a10bc66f894e, counter=3}, lastWriteDate=Tue Sep 16 16:21:56 IST 2025, lastUpdateTimeNanos=7587853894500}
2025-09-16T16:21:56.520+05:30  INFO 25488 --- [game] [ngodb.net:27017] org.mongodb.driver.cluster               : Monitor thread successfully connected to server with description ServerDescription{address=ac-3foeftq-shard-00-02.j6gs9jm.mongodb.net:27017, type=REPLICA_SET_PRIMARY, cryptd=false, state=CONNECTED, ok=true, minWireVersion=0, maxWireVersion=25, maxDocumentSize=16777216, logicalSessionTimeoutMinutes=30, roundTripTimeNanos=305729100, minRoundTripTimeNanos=0, setName='atlas-ohvd3l-shard-0', canonicalAddress=ac-3foeftq-shard-00-02.j6gs9jm.mongodb.net:27017, hosts=[ac-3foeftq-shard-00-00.j6gs9jm.mongodb.net:27017, ac-3foeftq-shard-00-01.j6gs9jm.mongodb.net:27017, ac-3foeftq-shard-00-02.j6gs9jm.mongodb.net:27017], passives=[], arbiters=[], primary='ac-3foeftq-shard-00-02.j6gs9jm.mongodb.net:27017', tagSet=TagSet{[Tag{name='availabilityZone', value='aps1-az2'}, Tag{name='diskState', value='READY'}, Tag{name='nodeType', value='ELECTABLE'}, Tag{name='provider', value='AWS'}, Tag{name='region', value='AP_SOUTH_1'}, Tag{name='workloadType', value='OPERATIONAL'}]}, electionId=7fffffff000000000000003a, setVersion=22, topologyVersion=TopologyVersion{processId=68c57e7a39410c7e272bb8a3, counter=6}, lastWriteDate=Tue Sep 16 16:21:56 IST 2025, lastUpdateTimeNanos=7587858321900}
2025-09-16T16:21:56.523+05:30  INFO 25488 --- [game] [ngodb.net:27017] org.mongodb.driver.cluster               : Discovered replica set primary ac-3foeftq-shard-00-02.j6gs9jm.mongodb.net:27017 with max election id 7fffffff000000000000003a and max set version 22
]]></system-out>
    <system-err><![CDATA[Mockito is currently self-attaching to enable the inline-mock-maker. This will no longer work in future releases of the JDK. Please add Mockito as an agent to your build as described in Mockito's documentation: https://javadoc.io/doc/org.mockito/mockito-core/latest/org.mockito/org/mockito/Mockito.html#0.3
WARNING: A Java agent has been loaded dynamically (C:\Users\Rohith M H\.m2\repository\net\bytebuddy\byte-buddy-agent\1.17.7\byte-buddy-agent-1.17.7.jar)
WARNING: If a serviceability tool is in use, please run with -XX:+EnableDynamicAgentLoading to hide this warning
WARNING: If a serviceability tool is not in use, please run with -Djdk.instrument.traceUsage for more information
WARNING: Dynamic loading of agents will be disallowed by default in a future release
]]></system-err>
  </testcase>
</testsuite>